c:\users\jeff2\desktop\institute\2-mv-4\2nd_semester\algorithmization_and_programming\repository\game_practice-mr0yes1\dungeon\dungeon\x64\debug\vc143.pdb
c:\users\jeff2\desktop\institute\2-mv-4\2nd_semester\algorithmization_and_programming\repository\game_practice-mr0yes1\dungeon\dungeon\x64\debug\vc143.idb
c:\users\jeff2\desktop\institute\2-mv-4\2nd_semester\algorithmization_and_programming\repository\game_practice-mr0yes1\dungeon\x64\debug\vc143.pdb
c:\users\jeff2\desktop\institute\2-mv-4\2nd_semester\algorithmization_and_programming\repository\game_practice-mr0yes1\dungeon\x64\debug\vc143.idb
c:\users\jeff2\desktop\institute\2-mv-4\2nd_semester\algorithmization_and_programming\repository\game_practice-mr0yes1\dungeon\x64\debug\dungeon.obj
c:\users\jeff2\desktop\institute\2-mv-4\2nd_semester\algorithmization_and_programming\repository\game_practice-mr0yes1\dungeon\x64\debug\tmxlevel.obj
c:\users\jeff2\desktop\institute\2-mv-4\2nd_semester\algorithmization_and_programming\repository\game_practice-mr0yes1\dungeon\x64\debug\tinyxml2.obj
c:\users\jeff2\desktop\institute\2-mv-4\2nd_semester\algorithmization_and_programming\repository\game_practice-mr0yes1\x64\debug\dungeon.exe
c:\users\jeff2\desktop\institute\2-mv-4\2nd_semester\algorithmization_and_programming\repository\game_practice-mr0yes1\dungeon\x64\debug\dungeon.ilk
c:\users\jeff2\desktop\institute\2-mv-4\2nd_semester\algorithmization_and_programming\repository\game_practice-mr0yes1\x64\debug\dungeon.pdb
c:\users\jeff2\desktop\institute\2-mv-4\2nd_semester\algorithmization_and_programming\repository\game_practice-mr0yes1\dungeon\x64\debug\level.obj
c:\users\jeff2\desktop\institute\2-mv-4\2nd_semester\algorithmization_and_programming\repository\game_practice-mr0yes1\dungeon\x64\debug\tinystr.obj
c:\users\jeff2\desktop\institute\2-mv-4\2nd_semester\algorithmization_and_programming\repository\game_practice-mr0yes1\dungeon\x64\debug\tinyxml.obj
c:\users\jeff2\desktop\institute\2-mv-4\2nd_semester\algorithmization_and_programming\repository\game_practice-mr0yes1\dungeon\x64\debug\tinyxmlerror.obj
c:\users\jeff2\desktop\institute\2-mv-4\2nd_semester\algorithmization_and_programming\repository\game_practice-mr0yes1\dungeon\x64\debug\tinyxmlparser.obj
c:\users\jeff2\desktop\institute\2-mv-4\2nd_semester\algorithmization_and_programming\repository\game_practice-mr0yes1\dungeon\x64\debug\dungeon.obj.enc
c:\users\jeff2\desktop\institute\2-mv-4\2nd_semester\algorithmization_and_programming\repository\game_practice-mr0yes1\dungeon\x64\debug\level.obj.enc
c:\users\jeff2\desktop\institute\2-mv-4\2nd_semester\algorithmization_and_programming\repository\game_practice-mr0yes1\dungeon\x64\debug\dungeon.pdb
c:\users\jeff2\desktop\institute\2-mv-4\2nd_semester\algorithmization_and_programming\repository\game_practice-mr0yes1\dungeon\x64\debug\dungeon.tlog\cl.command.1.tlog
c:\users\jeff2\desktop\institute\2-mv-4\2nd_semester\algorithmization_and_programming\repository\game_practice-mr0yes1\dungeon\x64\debug\dungeon.tlog\cl.read.1.tlog
c:\users\jeff2\desktop\institute\2-mv-4\2nd_semester\algorithmization_and_programming\repository\game_practice-mr0yes1\dungeon\x64\debug\dungeon.tlog\cl.write.1.tlog
c:\users\jeff2\desktop\institute\2-mv-4\2nd_semester\algorithmization_and_programming\repository\game_practice-mr0yes1\dungeon\x64\debug\dungeon.tlog\link.command.1.tlog
c:\users\jeff2\desktop\institute\2-mv-4\2nd_semester\algorithmization_and_programming\repository\game_practice-mr0yes1\dungeon\x64\debug\dungeon.tlog\link.read.1.tlog
c:\users\jeff2\desktop\institute\2-mv-4\2nd_semester\algorithmization_and_programming\repository\game_practice-mr0yes1\dungeon\x64\debug\dungeon.tlog\link.write.1.tlog
